<?xml version="1.0" encoding="UTF-8"?>
<!-- Generated by org.testng.reporters.JUnitReportReporter -->
<testsuite hostname="ShubhamM-LP" failures="0" tests="1" name="testng.testng.AppTest" time="0.003" errors="0" timestamp="2021-06-29T15:57:22 IST" skipped="0">
  <testcase classname="testng.testng.AppTest" name="shouldAnswerWithTrue" time="0.003"/>
  <system-out/>
</testsuite> <!-- testng.testng.AppTest -->
