<?xml version="1.0" encoding="UTF-8"?>
<!-- Generated by org.testng.reporters.JUnitReportReporter -->
<testsuite hostname="ShubhamM-LP" failures="0" tests="3" name="testng.testng.TestngAnnotation" time="0.021" errors="0" timestamp="2021-06-29T15:57:22 IST" skipped="0">
  <testcase classname="testng.testng.TestngAnnotation" name="testCase2" time="0.003"/>
  <system-out/>
  <testcase classname="testng.testng.TestngAnnotation" name="testCase1" time="0.013"/>
  <system-out/>
  <testcase classname="testng.testng.TestngAnnotation" name="whenEmptyString_thenAccept" time="0.005"/>
  <system-out/>
</testsuite> <!-- testng.testng.TestngAnnotation -->
